Removed Pin From Net: NetName=NetC?_2 Pin=C?-2
Removed Pin From Net: NetName=12V Pin=D?-2
Removed Pin From Net: NetName=5V Pin=LED?-1
Removed Pin From Net: NetName=5V Pin=RL?-5
Removed Member From Class: ClassName=HuLaMachDieuKhienSCH Member=D?
Removed Member From Class: ClassName=HuLaMachDieuKhienSCH Member=MIC?
Removed Member From Class: ClassName=HuLaMachDieuKhienSCH Member=OUT?
Removed Member From Class: ClassName=HuLaMachDieuKhienSCH Member=P?
Removed Member From Class: ClassName=HuLaMachDieuKhienSCH Member=Q?
Removed Member From Class: ClassName=HuLaMachDieuKhienSCH Member=R?
Removed Member From Class: ClassName=HuLaMachDieuKhienSCH Member=RL?
Removed Member From Class: ClassName=HuLaMachDieuKhienSCH Member=U?
Change Component Designator: OldDesignator=C? NewDesignator=C1
Change Component Designator: OldDesignator=C? NewDesignator=C3
Change Component Designator: OldDesignator=F? NewDesignator=F1
Change Component Designator: OldDesignator=LED? NewDesignator=LED1
Change Component Designator: OldDesignator=M? NewDesignator=M1
Change Component Designator: OldDesignator=P? NewDesignator=P1
Change Component Designator: OldDesignator=R? NewDesignator=R1
Change Component Designator: OldDesignator=R? NewDesignator=R6
Added Component: Designator=C2(CAPNTO2.54-3.05x1.78A)
Add component. Clean all parameters for all variants
Add component (AddParameter): Name = "ComponentLink1Description"; Value = "Datasheet"; VariantName = "[No Variations]"
Add component (AddParameter): Name = "ComponentLink1URL"; Value = "D:\Dropbox\Datasheets\Passive Components\Capacitors\AVX Disc Ceramic Capacitors.pdf"; VariantName = "[No Variations]"
Add component (AddParameter): Name = "Unit Price"; Value = "0.003"; VariantName = "[No Variations]"
Add component (AddParameter): Name = "Value"; Value = "100nF, 16V"; VariantName = "[No Variations]"
Added Component: Designator=Còi(HED2)
Add component. Clean all parameters for all variants
Add component (AddParameter): Name = "Class"; Value = "Connector"; VariantName = "[No Variations]"
Add component (AddParameter): Name = "Manufacturer"; Value = "Generic Components"; VariantName = "[No Variations]"
Add component (AddParameter): Name = "Value"; Value = "Header 2"; VariantName = "[No Variations]"
Added Component: Designator=C?a(HED2)
Add component. Clean all parameters for all variants
Add component (AddParameter): Name = "Class"; Value = "Connector"; VariantName = "[No Variations]"
Add component (AddParameter): Name = "Manufacturer"; Value = "Generic Components"; VariantName = "[No Variations]"
Add component (AddParameter): Name = "Value"; Value = "Header 2"; VariantName = "[No Variations]"
Added Component: Designator=D1(D5A)
Add component. Clean all parameters for all variants
Add component (AddParameter): Name = "Value"; Value = "1N5408"; VariantName = "[No Variations]"
Added Component: Designator=D2(1N4007)
Add component. Clean all parameters for all variants
Add component (AddParameter): Name = "ComponentLink1Description"; Value = "Datasheet"; VariantName = "[No Variations]"
Add component (AddParameter): Name = "ComponentLink1URL"; Value = "D:\Dropbox\Datasheets\Diodes and Rectifiers\Diodes\1N400X.pdf"; VariantName = "[No Variations]"
Add component (AddParameter): Name = "Unit Price"; Value = "0.0072"; VariantName = "[No Variations]"
Added Component: Designator=D3(1N4007)
Add component. Clean all parameters for all variants
Add component (AddParameter): Name = "ComponentLink1Description"; Value = "Datasheet"; VariantName = "[No Variations]"
Add component (AddParameter): Name = "ComponentLink1URL"; Value = "D:\Dropbox\Datasheets\Diodes and Rectifiers\Diodes\1N400X.pdf"; VariantName = "[No Variations]"
Add component (AddParameter): Name = "Unit Price"; Value = "0.0072"; VariantName = "[No Variations]"
Added Component: Designator=D4(1N4007)
Add component. Clean all parameters for all variants
Add component (AddParameter): Name = "ComponentLink1Description"; Value = "Datasheet"; VariantName = "[No Variations]"
Add component (AddParameter): Name = "ComponentLink1URL"; Value = "D:\Dropbox\Datasheets\Diodes and Rectifiers\Diodes\1N400X.pdf"; VariantName = "[No Variations]"
Add component (AddParameter): Name = "Unit Price"; Value = "0.0072"; VariantName = "[No Variations]"
Added Component: Designator=D5(1N4007)
Add component. Clean all parameters for all variants
Add component (AddParameter): Name = "ComponentLink1Description"; Value = "Datasheet"; VariantName = "[No Variations]"
Add component (AddParameter): Name = "ComponentLink1URL"; Value = "D:\Dropbox\Datasheets\Diodes and Rectifiers\Diodes\1N400X.pdf"; VariantName = "[No Variations]"
Add component (AddParameter): Name = "Unit Price"; Value = "0.0072"; VariantName = "[No Variations]"
Added Component: Designator=D6(1N4007)
Add component. Clean all parameters for all variants
Add component (AddParameter): Name = "ComponentLink1Description"; Value = "Datasheet"; VariantName = "[No Variations]"
Add component (AddParameter): Name = "ComponentLink1URL"; Value = "D:\Dropbox\Datasheets\Diodes and Rectifiers\Diodes\1N400X.pdf"; VariantName = "[No Variations]"
Add component (AddParameter): Name = "Unit Price"; Value = "0.0072"; VariantName = "[No Variations]"
Added Component: Designator=D7(1N4007)
Add component. Clean all parameters for all variants
Add component (AddParameter): Name = "ComponentLink1Description"; Value = "Datasheet"; VariantName = "[No Variations]"
Add component (AddParameter): Name = "ComponentLink1URL"; Value = "D:\Dropbox\Datasheets\Diodes and Rectifiers\Diodes\1N400X.pdf"; VariantName = "[No Variations]"
Add component (AddParameter): Name = "Unit Price"; Value = "0.0072"; VariantName = "[No Variations]"
Added Component: Designator=D8(1N4007)
Add component. Clean all parameters for all variants
Add component (AddParameter): Name = "ComponentLink1Description"; Value = "Datasheet"; VariantName = "[No Variations]"
Add component (AddParameter): Name = "ComponentLink1URL"; Value = "D:\Dropbox\Datasheets\Diodes and Rectifiers\Diodes\1N400X.pdf"; VariantName = "[No Variations]"
Add component (AddParameter): Name = "Unit Price"; Value = "0.0072"; VariantName = "[No Variations]"
Added Component: Designator=LED2(Header Duc Thang 2P 2.54)
Add component. Clean all parameters for all variants
Add component (AddParameter): Name = "Chung_Loai"; Value = "C?m"; VariantName = "[No Variations]"
Add component (AddParameter): Name = "Don_Vi"; Value = "Con"; VariantName = "[No Variations]"
Add component (AddParameter): Name = "Kieu_Chan"; Value = ""; VariantName = "[No Variations]"
Add component (AddParameter): Name = "Ma_Hang"; Value = "MH001283"; VariantName = "[No Variations]"
Add component (AddParameter): Name = "So_Chan"; Value = "2"; VariantName = "[No Variations]"
Add component (AddParameter): Name = "Ten_Linh_Kien"; Value = "Header 2P XH2.54-2P Ð?c Th?ng"; VariantName = "[No Variations]"
Added Component: Designator=LED3(Header Duc Thang 2P 2.54)
Add component. Clean all parameters for all variants
Add component (AddParameter): Name = "Chung_Loai"; Value = "C?m"; VariantName = "[No Variations]"
Add component (AddParameter): Name = "Don_Vi"; Value = "Con"; VariantName = "[No Variations]"
Add component (AddParameter): Name = "Kieu_Chan"; Value = ""; VariantName = "[No Variations]"
Add component (AddParameter): Name = "Ma_Hang"; Value = "MH001283"; VariantName = "[No Variations]"
Add component (AddParameter): Name = "So_Chan"; Value = "2"; VariantName = "[No Variations]"
Add component (AddParameter): Name = "Ten_Linh_Kien"; Value = "Header 2P XH2.54-2P Ð?c Th?ng"; VariantName = "[No Variations]"
Added Component: Designator=LED4(Header Duc Thang 2P 2.54)
Add component. Clean all parameters for all variants
Add component (AddParameter): Name = "Chung_Loai"; Value = "C?m"; VariantName = "[No Variations]"
Add component (AddParameter): Name = "Don_Vi"; Value = "Con"; VariantName = "[No Variations]"
Add component (AddParameter): Name = "Kieu_Chan"; Value = ""; VariantName = "[No Variations]"
Add component (AddParameter): Name = "Ma_Hang"; Value = "MH001283"; VariantName = "[No Variations]"
Add component (AddParameter): Name = "So_Chan"; Value = "2"; VariantName = "[No Variations]"
Add component (AddParameter): Name = "Ten_Linh_Kien"; Value = "Header 2P XH2.54-2P Ð?c Th?ng"; VariantName = "[No Variations]"
Added Component: Designator=LED5(Header Duc Thang 2P 2.54)
Add component. Clean all parameters for all variants
Add component (AddParameter): Name = "Chung_Loai"; Value = "C?m"; VariantName = "[No Variations]"
Add component (AddParameter): Name = "Don_Vi"; Value = "Con"; VariantName = "[No Variations]"
Add component (AddParameter): Name = "Kieu_Chan"; Value = ""; VariantName = "[No Variations]"
Add component (AddParameter): Name = "Ma_Hang"; Value = "MH001283"; VariantName = "[No Variations]"
Add component (AddParameter): Name = "So_Chan"; Value = "2"; VariantName = "[No Variations]"
Add component (AddParameter): Name = "Ten_Linh_Kien"; Value = "Header 2P XH2.54-2P Ð?c Th?ng"; VariantName = "[No Variations]"
Added Component: Designator=LED6(Header Duc Thang 2P 2.54)
Add component. Clean all parameters for all variants
Add component (AddParameter): Name = "Chung_Loai"; Value = "C?m"; VariantName = "[No Variations]"
Add component (AddParameter): Name = "Don_Vi"; Value = "Con"; VariantName = "[No Variations]"
Add component (AddParameter): Name = "Kieu_Chan"; Value = ""; VariantName = "[No Variations]"
Add component (AddParameter): Name = "Ma_Hang"; Value = "MH001283"; VariantName = "[No Variations]"
Add component (AddParameter): Name = "So_Chan"; Value = "2"; VariantName = "[No Variations]"
Add component (AddParameter): Name = "Ten_Linh_Kien"; Value = "Header 2P XH2.54-2P Ð?c Th?ng"; VariantName = "[No Variations]"
Added Component: Designator=LED(Header Duc Thang 2P 2.54)
Add component. Clean all parameters for all variants
Add component (AddParameter): Name = "Chung_Loai"; Value = "C?m"; VariantName = "[No Variations]"
Add component (AddParameter): Name = "Don_Vi"; Value = "Con"; VariantName = "[No Variations]"
Add component (AddParameter): Name = "Kieu_Chan"; Value = ""; VariantName = "[No Variations]"
Add component (AddParameter): Name = "Ma_Hang"; Value = "MH001283"; VariantName = "[No Variations]"
Add component (AddParameter): Name = "So_Chan"; Value = "2"; VariantName = "[No Variations]"
Add component (AddParameter): Name = "Ten_Linh_Kien"; Value = "Header 2P XH2.54-2P Ð?c Th?ng"; VariantName = "[No Variations]"
Added Component: Designator=MIC1(Mic5V)
Add component. Clean all parameters for all variants
Added Component: Designator=OUT1(HED2)
Add component. Clean all parameters for all variants
Add component (AddParameter): Name = "Class"; Value = "Connector"; VariantName = "[No Variations]"
Add component (AddParameter): Name = "Manufacturer"; Value = "Generic Components"; VariantName = "[No Variations]"
Add component (AddParameter): Name = "Value"; Value = "Header 2"; VariantName = "[No Variations]"
Added Component: Designator=OUT2(HED2)
Add component. Clean all parameters for all variants
Add component (AddParameter): Name = "Class"; Value = "Connector"; VariantName = "[No Variations]"
Add component (AddParameter): Name = "Manufacturer"; Value = "Generic Components"; VariantName = "[No Variations]"
Add component (AddParameter): Name = "Value"; Value = "Header 2"; VariantName = "[No Variations]"
Added Component: Designator=OUT3(HED2)
Add component. Clean all parameters for all variants
Add component (AddParameter): Name = "Class"; Value = "Connector"; VariantName = "[No Variations]"
Add component (AddParameter): Name = "Manufacturer"; Value = "Generic Components"; VariantName = "[No Variations]"
Add component (AddParameter): Name = "Value"; Value = "Header 2"; VariantName = "[No Variations]"
Added Component: Designator=OUT4(HED2)
Add component. Clean all parameters for all variants
Add component (AddParameter): Name = "Class"; Value = "Connector"; VariantName = "[No Variations]"
Add component (AddParameter): Name = "Manufacturer"; Value = "Generic Components"; VariantName = "[No Variations]"
Add component (AddParameter): Name = "Value"; Value = "Header 2"; VariantName = "[No Variations]"
Added Component: Designator=OUT5(HED2)
Add component. Clean all parameters for all variants
Add component (AddParameter): Name = "Class"; Value = "Connector"; VariantName = "[No Variations]"
Add component (AddParameter): Name = "Manufacturer"; Value = "Generic Components"; VariantName = "[No Variations]"
Add component (AddParameter): Name = "Value"; Value = "Header 2"; VariantName = "[No Variations]"
Added Component: Designator=P2(Header Duc Thang 4p 2.54)
Add component. Clean all parameters for all variants
Add component (AddParameter): Name = "Chung_Loai"; Value = "C?m"; VariantName = "[No Variations]"
Add component (AddParameter): Name = "Don_Vi"; Value = "Con"; VariantName = "[No Variations]"
Add component (AddParameter): Name = "Kieu_Chan"; Value = ""; VariantName = "[No Variations]"
Add component (AddParameter): Name = "Ma_Hang"; Value = "MH001285"; VariantName = "[No Variations]"
Add component (AddParameter): Name = "So_Chan"; Value = "4"; VariantName = "[No Variations]"
Add component (AddParameter): Name = "Ten_Linh_Kien"; Value = "Header 4P XH2.54-4P Ð?c Th?ng"; VariantName = "[No Variations]"
Added Component: Designator=P3(Header Duc Thang 4p 2.54)
Add component. Clean all parameters for all variants
Add component (AddParameter): Name = "Chung_Loai"; Value = "C?m"; VariantName = "[No Variations]"
Add component (AddParameter): Name = "Don_Vi"; Value = "Con"; VariantName = "[No Variations]"
Add component (AddParameter): Name = "Kieu_Chan"; Value = ""; VariantName = "[No Variations]"
Add component (AddParameter): Name = "Ma_Hang"; Value = "MH001285"; VariantName = "[No Variations]"
Add component (AddParameter): Name = "So_Chan"; Value = "4"; VariantName = "[No Variations]"
Add component (AddParameter): Name = "Ten_Linh_Kien"; Value = "Header 4P XH2.54-4P Ð?c Th?ng"; VariantName = "[No Variations]"
Added Component: Designator=P4(Header duc thang 3p 2.54)
Add component. Clean all parameters for all variants
Add component (AddParameter): Name = "Chung_Loai"; Value = "C?m"; VariantName = "[No Variations]"
Add component (AddParameter): Name = "Don_Vi"; Value = "Con"; VariantName = "[No Variations]"
Add component (AddParameter): Name = "Ma_Hang"; Value = "MH001292"; VariantName = "[No Variations]"
Add component (AddParameter): Name = "Ten_Linh_Kien"; Value = "Header 3P XH2.54-3P Ð?c Th?ng"; VariantName = "[No Variations]"
Added Component: Designator=P5(Header duc thang 3p 2.54)
Add component. Clean all parameters for all variants
Add component (AddParameter): Name = "Chung_Loai"; Value = "C?m"; VariantName = "[No Variations]"
Add component (AddParameter): Name = "Don_Vi"; Value = "Con"; VariantName = "[No Variations]"
Add component (AddParameter): Name = "Ma_Hang"; Value = "MH001292"; VariantName = "[No Variations]"
Add component (AddParameter): Name = "Ten_Linh_Kien"; Value = "Header 3P XH2.54-3P Ð?c Th?ng"; VariantName = "[No Variations]"
Added Component: Designator=Q1(QTO-92)
Add component. Clean all parameters for all variants
Add component (AddParameter): Name = ""; Value = "C2383"; VariantName = "[No Variations]"
Add component (AddParameter): Name = "Value"; Value = "C1815"; VariantName = "[No Variations]"
Added Component: Designator=Q2(QTO-92)
Add component. Clean all parameters for all variants
Add component (AddParameter): Name = ""; Value = "C2383"; VariantName = "[No Variations]"
Add component (AddParameter): Name = "Value"; Value = "C1815"; VariantName = "[No Variations]"
Added Component: Designator=Q3(QTO-92)
Add component. Clean all parameters for all variants
Add component (AddParameter): Name = ""; Value = "C2383"; VariantName = "[No Variations]"
Add component (AddParameter): Name = "Value"; Value = "C1815"; VariantName = "[No Variations]"
Added Component: Designator=Q4(QTO-92)
Add component. Clean all parameters for all variants
Add component (AddParameter): Name = ""; Value = "C2383"; VariantName = "[No Variations]"
Add component (AddParameter): Name = "Value"; Value = "C1815"; VariantName = "[No Variations]"
Added Component: Designator=Q5(QTO-92)
Add component. Clean all parameters for all variants
Add component (AddParameter): Name = ""; Value = "C2383"; VariantName = "[No Variations]"
Add component (AddParameter): Name = "Value"; Value = "C1815"; VariantName = "[No Variations]"
Added Component: Designator=Q6(QTO-92)
Add component. Clean all parameters for all variants
Add component (AddParameter): Name = ""; Value = "C2383"; VariantName = "[No Variations]"
Add component (AddParameter): Name = "Value"; Value = "C1815"; VariantName = "[No Variations]"
Added Component: Designator=Q7(QTO-92)
Add component. Clean all parameters for all variants
Add component (AddParameter): Name = ""; Value = "C2383"; VariantName = "[No Variations]"
Add component (AddParameter): Name = "Value"; Value = "C1815"; VariantName = "[No Variations]"
Added Component: Designator=R2(R1/4W)
Add component. Clean all parameters for all variants
Add component (AddParameter): Name = "Value"; Value = "R1/4W - 1K"; VariantName = "[No Variations]"
Added Component: Designator=R3(R1/4W)
Add component. Clean all parameters for all variants
Add component (AddParameter): Name = "Value"; Value = "R1/4W - 1K"; VariantName = "[No Variations]"
Added Component: Designator=R4(R1/4W)
Add component. Clean all parameters for all variants
Add component (AddParameter): Name = "Value"; Value = "R1/4W - 1K"; VariantName = "[No Variations]"
Added Component: Designator=R5(R1/4W)
Add component. Clean all parameters for all variants
Add component (AddParameter): Name = "Value"; Value = "R1/4W - 1K"; VariantName = "[No Variations]"
Added Component: Designator=R7(R1/4W)
Add component. Clean all parameters for all variants
Add component (AddParameter): Name = "Value"; Value = "R1/4W - 1K"; VariantName = "[No Variations]"
Added Component: Designator=R8(R1/4W)
Add component. Clean all parameters for all variants
Add component (AddParameter): Name = "Value"; Value = "R1/4W - 1K"; VariantName = "[No Variations]"
Added Component: Designator=R9(R1/4W)
Add component. Clean all parameters for all variants
Add component (AddParameter): Name = "Value"; Value = "R1/4W - 1K"; VariantName = "[No Variations]"
Added Component: Designator=R10(R1/4W)
Add component. Clean all parameters for all variants
Add component (AddParameter): Name = "Value"; Value = "R1/4W - 1K"; VariantName = "[No Variations]"
Added Component: Designator=R11(R1/4W)
Add component. Clean all parameters for all variants
Add component (AddParameter): Name = "Value"; Value = "R1/4W - 1K"; VariantName = "[No Variations]"
Added Component: Designator=R12(R1/4W)
Add component. Clean all parameters for all variants
Add component (AddParameter): Name = "Value"; Value = "R1/4W - 1K"; VariantName = "[No Variations]"
Added Component: Designator=R13(R1/4W)
Add component. Clean all parameters for all variants
Add component (AddParameter): Name = "Value"; Value = "R1/4W - 1K"; VariantName = "[No Variations]"
Added Component: Designator=R14(R1/4W)
Add component. Clean all parameters for all variants
Add component (AddParameter): Name = "Value"; Value = "R1/4W - 1K"; VariantName = "[No Variations]"
Added Component: Designator=R15(R1/4W)
Add component. Clean all parameters for all variants
Add component (AddParameter): Name = "Value"; Value = "R1/4W - 1K"; VariantName = "[No Variations]"
Added Component: Designator=R16(R1/4W)
Add component. Clean all parameters for all variants
Add component (AddParameter): Name = "Value"; Value = "R1/4W - 1K"; VariantName = "[No Variations]"
Added Component: Designator=R17(R1/4W)
Add component. Clean all parameters for all variants
Add component (AddParameter): Name = "Value"; Value = "R1/4W - 1K"; VariantName = "[No Variations]"
Added Component: Designator=R18(R1/4W)
Add component. Clean all parameters for all variants
Add component (AddParameter): Name = "Value"; Value = "R1/4W - 1K"; VariantName = "[No Variations]"
Added Component: Designator=R19(R1/4W)
Add component. Clean all parameters for all variants
Add component (AddParameter): Name = "Value"; Value = "R1/4W - 1K"; VariantName = "[No Variations]"
Added Component: Designator=R20(R1/4W)
Add component. Clean all parameters for all variants
Add component (AddParameter): Name = "Value"; Value = "R1/4W - 1K"; VariantName = "[No Variations]"
Added Component: Designator=R21(R1/4W)
Add component. Clean all parameters for all variants
Add component (AddParameter): Name = "Value"; Value = "R1/4W - 1K"; VariantName = "[No Variations]"
Added Component: Designator=R22(R1/4W)
Add component. Clean all parameters for all variants
Add component (AddParameter): Name = "Value"; Value = "R1/4W - 1K"; VariantName = "[No Variations]"
Added Component: Designator=R23(R1/4W)
Add component. Clean all parameters for all variants
Add component (AddParameter): Name = "Value"; Value = "R1/4W - 1K"; VariantName = "[No Variations]"
Added Component: Designator=RL1(RL_10A_5V)
Add component. Clean all parameters for all variants
Add component (AddParameter): Name = ""; Value = "Relay SPDT, 10A, 24V"; VariantName = "[No Variations]"
Add component (AddParameter): Name = "Value"; Value = "Relay SPDT, 10A, 12V"; VariantName = "[No Variations]"
Added Component: Designator=RL2(RL_10A_5V)
Add component. Clean all parameters for all variants
Add component (AddParameter): Name = ""; Value = "Relay SPDT, 10A, 24V"; VariantName = "[No Variations]"
Add component (AddParameter): Name = "Value"; Value = "Relay SPDT, 10A, 12V"; VariantName = "[No Variations]"
Added Component: Designator=RL3(RL_10A_5V)
Add component. Clean all parameters for all variants
Add component (AddParameter): Name = ""; Value = "Relay SPDT, 10A, 24V"; VariantName = "[No Variations]"
Add component (AddParameter): Name = "Value"; Value = "Relay SPDT, 10A, 12V"; VariantName = "[No Variations]"
Added Component: Designator=RL4(RL_10A_5V)
Add component. Clean all parameters for all variants
Add component (AddParameter): Name = ""; Value = "Relay SPDT, 10A, 24V"; VariantName = "[No Variations]"
Add component (AddParameter): Name = "Value"; Value = "Relay SPDT, 10A, 12V"; VariantName = "[No Variations]"
Added Component: Designator=RL5(RL_10A_5V)
Add component. Clean all parameters for all variants
Add component (AddParameter): Name = ""; Value = "Relay SPDT, 10A, 24V"; VariantName = "[No Variations]"
Add component (AddParameter): Name = "Value"; Value = "Relay SPDT, 10A, 12V"; VariantName = "[No Variations]"
Added Component: Designator=RL6(RL_10A_5V)
Add component. Clean all parameters for all variants
Add component (AddParameter): Name = ""; Value = "Relay SPDT, 10A, 24V"; VariantName = "[No Variations]"
Add component (AddParameter): Name = "Value"; Value = "Relay SPDT, 10A, 12V"; VariantName = "[No Variations]"
Added Component: Designator=U1(DIP4/W0.3)
Add component. Clean all parameters for all variants
Add component (AddParameter): Name = "Value"; Value = "PC817"; VariantName = "[No Variations]"
Added Component: Designator=U2(DIP4/W0.3)
Add component. Clean all parameters for all variants
Add component (AddParameter): Name = "Value"; Value = "PC817"; VariantName = "[No Variations]"
Added Component: Designator=U3(DIP4/W0.3)
Add component. Clean all parameters for all variants
Add component (AddParameter): Name = "Value"; Value = "PC817"; VariantName = "[No Variations]"
Added Component: Designator=U4(DIP4/W0.3)
Add component. Clean all parameters for all variants
Add component (AddParameter): Name = "Value"; Value = "PC817"; VariantName = "[No Variations]"
Added Component: Designator=U5(DIP4/W0.3)
Add component. Clean all parameters for all variants
Add component (AddParameter): Name = "Value"; Value = "PC817"; VariantName = "[No Variations]"
Added Component: Designator=U6(DIP4/W0.3)
Add component. Clean all parameters for all variants
Add component (AddParameter): Name = "Value"; Value = "PC817"; VariantName = "[No Variations]"
Added Component: Designator=U7(DIP4/W0.3)
Add component. Clean all parameters for all variants
Add component (AddParameter): Name = "Value"; Value = "PC817"; VariantName = "[No Variations]"
Added Pin To Net: NetName=5V' Pin=C2-1
Added Pin To Net: NetName=NetC?_2 Pin=C2-2
Added Pin To Net: NetName=12V Pin=Còi-1
Added Pin To Net: NetName=NetC?_2 Pin=C?a-2
Added Pin To Net: NetName=12V Pin=D1-2
Added Pin To Net: NetName=5V Pin=D2-2
Added Pin To Net: NetName=5V Pin=D3-2
Added Pin To Net: NetName=5V Pin=D4-2
Added Pin To Net: NetName=5V Pin=D5-2
Added Pin To Net: NetName=12V Pin=D6-2
Added Pin To Net: NetName=5V Pin=D7-2
Added Pin To Net: NetName=5V Pin=D8-2
Added Pin To Net: NetName=5V Pin=LED2-2
Added Pin To Net: NetName=5V Pin=LED3-2
Added Pin To Net: NetName=5V Pin=LED4-2
Added Pin To Net: NetName=5V Pin=LED5-2
Added Pin To Net: NetName=5V Pin=LED6-2
Added Pin To Net: NetName=5V Pin=LED-2
Added Pin To Net: NetName=NetC?_2 Pin=M1-8
Added Pin To Net: NetName=NetC?_2 Pin=M1-10
Added Pin To Net: NetName=NetC?_2 Pin=M1-14
Added Pin To Net: NetName=5V Pin=M1-15
Added Pin To Net: NetName=NetC?_2 Pin=M1-17
Added Pin To Net: NetName=NetC?_2 Pin=M1-24
Added Pin To Net: NetName=12V Pin=MIC1-1
Added Pin To Net: NetName=12V Pin=MIC1-2
Added Pin To Net: NetName=NetC?_2 Pin=MIC1-3
Added Pin To Net: NetName=5V' Pin=MIC1-4
Added Pin To Net: NetName=NetC?_2 Pin=P2-1
Added Pin To Net: NetName=NetC?_2 Pin=P3-1
Added Pin To Net: NetName=5V Pin=P3-2
Added Pin To Net: NetName=NetC?_2 Pin=P4-2
Added Pin To Net: NetName=NetC?_2 Pin=P5-3
Added Pin To Net: NetName=NetC?_2 Pin=Q1-1
Added Pin To Net: NetName=NetC?_2 Pin=Q2-1
Added Pin To Net: NetName=NetC?_2 Pin=Q3-1
Added Pin To Net: NetName=NetC?_2 Pin=Q4-1
Added Pin To Net: NetName=NetC?_2 Pin=Q5-1
Added Pin To Net: NetName=NetC?_2 Pin=Q6-1
Added Pin To Net: NetName=NetC?_2 Pin=Q7-1
Added Pin To Net: NetName=5V' Pin=R2-2
Added Pin To Net: NetName=5V Pin=RL1-5
Added Pin To Net: NetName=5V Pin=RL2-5
Added Pin To Net: NetName=5V Pin=RL3-5
Added Pin To Net: NetName=5V Pin=RL4-5
Added Pin To Net: NetName=12V Pin=RL5-1
Added Pin To Net: NetName=5V Pin=RL5-5
Added Pin To Net: NetName=5V Pin=RL6-5
Added Pin To Net: NetName=NetC?_2 Pin=U1-2
Added Pin To Net: NetName=NetC?_2 Pin=U2-2
Added Pin To Net: NetName=NetC?_2 Pin=U3-2
Added Pin To Net: NetName=NetC?_2 Pin=U4-2
Added Pin To Net: NetName=5V Pin=U4-4
Added Pin To Net: NetName=NetC?_2 Pin=U5-2
Added Pin To Net: NetName=NetC?_2 Pin=U6-2
Added Pin To Net: NetName=NetC?_2 Pin=U7-2
Change Net Name : Old Net Name=NetC?_2 New Net Name=GND
Change Net Name : Old Net Name=NetF?_1 New Net Name=NetF1_1
Added Pin To Net: NetName=3V3 Pin=M1-16
Added Pin To Net: NetName=3V3 Pin=P2-4
Added Pin To Net: NetName=3V3 Pin=P3-4
Added Pin To Net: NetName=3V3 Pin=P4-1
Added Pin To Net: NetName=3V3 Pin=P5-1
Added Net: Name=3V3
Added Pin To Net: NetName=COI Pin=M1-22
Added Pin To Net: NetName=COI Pin=R13-1
Added Net: Name=COI
Added Pin To Net: NetName=CUA Pin=M1-21
Added Pin To Net: NetName=CUA Pin=R18-1
Added Net: Name=CUA
Added Pin To Net: NetName=DHT Pin=M1-20
Added Pin To Net: NetName=DHT Pin=P5-2
Added Net: Name=DHT
Added Pin To Net: NetName=KHIGA Pin=M1-1
Added Pin To Net: NetName=KHIGA Pin=P4-3
Added Net: Name=KHIGA
Added Pin To Net: NetName=NetCòi_2 Pin=Còi-2
Added Pin To Net: NetName=NetCòi_2 Pin=D6-1
Added Pin To Net: NetName=NetCòi_2 Pin=Q4-2
Added Net: Name=NetCòi_2
Added Pin To Net: NetName=NetC?a_1 Pin=C?a-1
Added Pin To Net: NetName=NetC?a_1 Pin=RL5-3
Added Net: Name=NetC?a_1
Added Pin To Net: NetName=NetD1_1 Pin=D1-1
Added Pin To Net: NetName=NetD1_1 Pin=F1-2
Added Net: Name=NetD1_1
Added Pin To Net: NetName=NetD2_1 Pin=D2-1
Added Pin To Net: NetName=NetD2_1 Pin=Q1-2
Added Pin To Net: NetName=NetD2_1 Pin=R4-2
Added Pin To Net: NetName=NetD2_1 Pin=RL1-4
Added Net: Name=NetD2_1
Added Pin To Net: NetName=NetD3_1 Pin=D3-1
Added Pin To Net: NetName=NetD3_1 Pin=Q2-2
Added Pin To Net: NetName=NetD3_1 Pin=R8-2
Added Pin To Net: NetName=NetD3_1 Pin=RL2-4
Added Net: Name=NetD3_1
Added Pin To Net: NetName=NetD4_1 Pin=D4-1
Added Pin To Net: NetName=NetD4_1 Pin=Q3-2
Added Pin To Net: NetName=NetD4_1 Pin=R11-2
Added Pin To Net: NetName=NetD4_1 Pin=RL3-4
Added Net: Name=NetD4_1
Added Pin To Net: NetName=NetD5_1 Pin=D5-1
Added Pin To Net: NetName=NetD5_1 Pin=Q5-2
Added Pin To Net: NetName=NetD5_1 Pin=R15-2
Added Pin To Net: NetName=NetD5_1 Pin=RL4-4
Added Net: Name=NetD5_1
Added Pin To Net: NetName=NetD7_1 Pin=D7-1
Added Pin To Net: NetName=NetD7_1 Pin=Q6-2
Added Pin To Net: NetName=NetD7_1 Pin=R19-2
Added Pin To Net: NetName=NetD7_1 Pin=RL5-4
Added Net: Name=NetD7_1
Added Pin To Net: NetName=NetD8_1 Pin=D8-1
Added Pin To Net: NetName=NetD8_1 Pin=Q7-2
Added Pin To Net: NetName=NetD8_1 Pin=R21-2
Added Pin To Net: NetName=NetD8_1 Pin=RL6-4
Added Net: Name=NetD8_1
Added Pin To Net: NetName=NetLED1_1 Pin=LED1-1
Added Pin To Net: NetName=NetLED1_1 Pin=R2-1
Added Net: Name=NetLED1_1
Added Pin To Net: NetName=NetLED2_1 Pin=LED2-1
Added Pin To Net: NetName=NetLED2_1 Pin=R8-1
Added Pin To Net: NetName=NetLED2_1 Pin=U2-4
Added Net: Name=NetLED2_1
Added Pin To Net: NetName=NetLED3_1 Pin=LED3-1
Added Pin To Net: NetName=NetLED3_1 Pin=R11-1
Added Pin To Net: NetName=NetLED3_1 Pin=U3-4
Added Net: Name=NetLED3_1
Added Pin To Net: NetName=NetLED4_1 Pin=LED4-1
Added Pin To Net: NetName=NetLED4_1 Pin=R15-1
Added Pin To Net: NetName=NetLED4_1 Pin=U5-4
Added Net: Name=NetLED4_1
Added Pin To Net: NetName=NetLED5_1 Pin=LED5-1
Added Pin To Net: NetName=NetLED5_1 Pin=R19-1
Added Pin To Net: NetName=NetLED5_1 Pin=U6-4
Added Net: Name=NetLED5_1
Added Pin To Net: NetName=NetLED6_1 Pin=LED6-1
Added Pin To Net: NetName=NetLED6_1 Pin=R21-1
Added Pin To Net: NetName=NetLED6_1 Pin=U7-4
Added Net: Name=NetLED6_1
Added Pin To Net: NetName=NetLED_1 Pin=LED-1
Added Pin To Net: NetName=NetLED_1 Pin=R4-1
Added Pin To Net: NetName=NetLED_1 Pin=U1-4
Added Net: Name=NetLED_1
Added Pin To Net: NetName=NetMIC1_5 Pin=MIC1-5
Added Pin To Net: NetName=NetMIC1_5 Pin=R1-1
Added Pin To Net: NetName=NetMIC1_5 Pin=R6-2
Added Net: Name=NetMIC1_5
Added Pin To Net: NetName=NetOUT1_1 Pin=OUT1-1
Added Pin To Net: NetName=NetOUT1_1 Pin=RL1-1
Added Net: Name=NetOUT1_1
Added Pin To Net: NetName=NetOUT1_2 Pin=OUT1-2
Added Pin To Net: NetName=NetOUT1_2 Pin=RL1-3
Added Net: Name=NetOUT1_2
Added Pin To Net: NetName=NetOUT2_1 Pin=OUT2-1
Added Pin To Net: NetName=NetOUT2_1 Pin=RL2-1
Added Net: Name=NetOUT2_1
Added Pin To Net: NetName=NetOUT2_2 Pin=OUT2-2
Added Pin To Net: NetName=NetOUT2_2 Pin=RL2-3
Added Net: Name=NetOUT2_2
Added Pin To Net: NetName=NetOUT3_1 Pin=OUT3-1
Added Pin To Net: NetName=NetOUT3_1 Pin=RL3-1
Added Net: Name=NetOUT3_1
Added Pin To Net: NetName=NetOUT3_2 Pin=OUT3-2
Added Pin To Net: NetName=NetOUT3_2 Pin=RL3-3
Added Net: Name=NetOUT3_2
Added Pin To Net: NetName=NetOUT4_1 Pin=OUT4-1
Added Pin To Net: NetName=NetOUT4_1 Pin=RL4-1
Added Net: Name=NetOUT4_1
Added Pin To Net: NetName=NetOUT4_2 Pin=OUT4-2
Added Pin To Net: NetName=NetOUT4_2 Pin=RL4-3
Added Net: Name=NetOUT4_2
Added Pin To Net: NetName=NetOUT5_1 Pin=OUT5-1
Added Pin To Net: NetName=NetOUT5_1 Pin=RL6-1
Added Net: Name=NetOUT5_1
Added Pin To Net: NetName=NetOUT5_2 Pin=OUT5-2
Added Pin To Net: NetName=NetOUT5_2 Pin=RL6-3
Added Net: Name=NetOUT5_2
Added Pin To Net: NetName=NetQ1_3 Pin=Q1-3
Added Pin To Net: NetName=NetQ1_3 Pin=R5-2
Added Net: Name=NetQ1_3
Added Pin To Net: NetName=NetQ2_3 Pin=Q2-3
Added Pin To Net: NetName=NetQ2_3 Pin=R9-2
Added Net: Name=NetQ2_3
Added Pin To Net: NetName=NetQ3_3 Pin=Q3-3
Added Pin To Net: NetName=NetQ3_3 Pin=R12-2
Added Net: Name=NetQ3_3
Added Pin To Net: NetName=NetQ4_3 Pin=Q4-3
Added Pin To Net: NetName=NetQ4_3 Pin=R16-2
Added Net: Name=NetQ4_3
Added Pin To Net: NetName=NetQ5_3 Pin=Q5-3
Added Pin To Net: NetName=NetQ5_3 Pin=R17-2
Added Net: Name=NetQ5_3
Added Pin To Net: NetName=NetQ6_3 Pin=Q6-3
Added Pin To Net: NetName=NetQ6_3 Pin=R22-2
Added Net: Name=NetQ6_3
Added Pin To Net: NetName=NetQ7_3 Pin=Q7-3
Added Pin To Net: NetName=NetQ7_3 Pin=R23-2
Added Net: Name=NetQ7_3
Added Pin To Net: NetName=NetR3_2 Pin=R3-2
Added Pin To Net: NetName=NetR3_2 Pin=U1-1
Added Net: Name=NetR3_2
Added Pin To Net: NetName=NetR5_1 Pin=R5-1
Added Pin To Net: NetName=NetR5_1 Pin=U1-3
Added Net: Name=NetR5_1
Added Pin To Net: NetName=NetR7_2 Pin=R7-2
Added Pin To Net: NetName=NetR7_2 Pin=U2-1
Added Net: Name=NetR7_2
Added Pin To Net: NetName=NetR9_1 Pin=R9-1
Added Pin To Net: NetName=NetR9_1 Pin=U2-3
Added Net: Name=NetR9_1
Added Pin To Net: NetName=NetR10_2 Pin=R10-2
Added Pin To Net: NetName=NetR10_2 Pin=U3-1
Added Net: Name=NetR10_2
Added Pin To Net: NetName=NetR12_1 Pin=R12-1
Added Pin To Net: NetName=NetR12_1 Pin=U3-3
Added Net: Name=NetR12_1
Added Pin To Net: NetName=NetR13_2 Pin=R13-2
Added Pin To Net: NetName=NetR13_2 Pin=U4-1
Added Net: Name=NetR13_2
Added Pin To Net: NetName=NetR14_2 Pin=R14-2
Added Pin To Net: NetName=NetR14_2 Pin=U5-1
Added Net: Name=NetR14_2
Added Pin To Net: NetName=NetR16_1 Pin=R16-1
Added Pin To Net: NetName=NetR16_1 Pin=U4-3
Added Net: Name=NetR16_1
Added Pin To Net: NetName=NetR17_1 Pin=R17-1
Added Pin To Net: NetName=NetR17_1 Pin=U5-3
Added Net: Name=NetR17_1
Added Pin To Net: NetName=NetR18_2 Pin=R18-2
Added Pin To Net: NetName=NetR18_2 Pin=U6-1
Added Net: Name=NetR18_2
Added Pin To Net: NetName=NetR20_2 Pin=R20-2
Added Pin To Net: NetName=NetR20_2 Pin=U7-1
Added Net: Name=NetR20_2
Added Pin To Net: NetName=NetR22_1 Pin=R22-1
Added Pin To Net: NetName=NetR22_1 Pin=U6-3
Added Net: Name=NetR22_1
Added Pin To Net: NetName=NetR23_1 Pin=R23-1
Added Pin To Net: NetName=NetR23_1 Pin=U7-3
Added Net: Name=NetR23_1
Added Pin To Net: NetName=RELAY1 Pin=M1-29
Added Pin To Net: NetName=RELAY1 Pin=R3-1
Added Net: Name=RELAY1
Added Pin To Net: NetName=RELAY2 Pin=M1-28
Added Pin To Net: NetName=RELAY2 Pin=R7-1
Added Net: Name=RELAY2
Added Pin To Net: NetName=RELAY3 Pin=M1-27
Added Pin To Net: NetName=RELAY3 Pin=R10-1
Added Net: Name=RELAY3
Added Pin To Net: NetName=RELAY4 Pin=M1-26
Added Pin To Net: NetName=RELAY4 Pin=R14-1
Added Net: Name=RELAY4
Added Pin To Net: NetName=RELAY5 Pin=M1-23
Added Pin To Net: NetName=RELAY5 Pin=R20-1
Added Net: Name=RELAY5
Added Pin To Net: NetName=RX Pin=M1-19
Added Pin To Net: NetName=RX Pin=P2-3
Added Net: Name=RX
Added Pin To Net: NetName=SHOW Pin=M1-30
Added Pin To Net: NetName=SHOW Pin=P3-3
Added Net: Name=SHOW
Added Pin To Net: NetName=TX Pin=M1-18
Added Pin To Net: NetName=TX Pin=P2-2
Added Net: Name=TX
Added Member To Class: ClassName=HuLaMachDieuKhienSCH Member=Component C2 5AK220KABAA
Added Member To Class: ClassName=HuLaMachDieuKhienSCH Member=Component C3 100uF-35V
Added Member To Class: ClassName=HuLaMachDieuKhienSCH Member=Component Còi Header 2_1
Added Member To Class: ClassName=HuLaMachDieuKhienSCH Member=Component C?a Header 2_1
Added Member To Class: ClassName=HuLaMachDieuKhienSCH Member=Component D1 1N5408
Added Member To Class: ClassName=HuLaMachDieuKhienSCH Member=Component D2 1N4007
Added Member To Class: ClassName=HuLaMachDieuKhienSCH Member=Component D3 1N4007
Added Member To Class: ClassName=HuLaMachDieuKhienSCH Member=Component D4 1N4007
Added Member To Class: ClassName=HuLaMachDieuKhienSCH Member=Component D5 1N4007
Added Member To Class: ClassName=HuLaMachDieuKhienSCH Member=Component D6 1N4007
Added Member To Class: ClassName=HuLaMachDieuKhienSCH Member=Component D7 1N4007
Added Member To Class: ClassName=HuLaMachDieuKhienSCH Member=Component D8 1N4007
Added Member To Class: ClassName=HuLaMachDieuKhienSCH Member=Component LED2 2.54-2p
Added Member To Class: ClassName=HuLaMachDieuKhienSCH Member=Component LED3 2.54-2p
Added Member To Class: ClassName=HuLaMachDieuKhienSCH Member=Component LED4 2.54-2p
Added Member To Class: ClassName=HuLaMachDieuKhienSCH Member=Component LED5 2.54-2p
Added Member To Class: ClassName=HuLaMachDieuKhienSCH Member=Component LED6 2.54-2p
Added Member To Class: ClassName=HuLaMachDieuKhienSCH Member=Component LED 2.54-2p
Added Member To Class: ClassName=HuLaMachDieuKhienSCH Member=Component MIC1 U?
Added Member To Class: ClassName=HuLaMachDieuKhienSCH Member=Component OUT1 Header 2_1
Added Member To Class: ClassName=HuLaMachDieuKhienSCH Member=Component OUT2 Header 2_1
Added Member To Class: ClassName=HuLaMachDieuKhienSCH Member=Component OUT3 Header 2_1
Added Member To Class: ClassName=HuLaMachDieuKhienSCH Member=Component OUT4 Header 2_1
Added Member To Class: ClassName=HuLaMachDieuKhienSCH Member=Component OUT5 Header 2_1
Added Member To Class: ClassName=HuLaMachDieuKhienSCH Member=Component P1 Công T?c
Added Member To Class: ClassName=HuLaMachDieuKhienSCH Member=Component P2 UART
Added Member To Class: ClassName=HuLaMachDieuKhienSCH Member=Component P3 SHOW_NGU?N
Added Member To Class: ClassName=HuLaMachDieuKhienSCH Member=Component P4 Khí Ga
Added Member To Class: ClassName=HuLaMachDieuKhienSCH Member=Component P5 DHT11
Added Member To Class: ClassName=HuLaMachDieuKhienSCH Member=Component Q1 C1815
Added Member To Class: ClassName=HuLaMachDieuKhienSCH Member=Component Q2 C1815
Added Member To Class: ClassName=HuLaMachDieuKhienSCH Member=Component Q3 C1815
Added Member To Class: ClassName=HuLaMachDieuKhienSCH Member=Component Q4 C1815
Added Member To Class: ClassName=HuLaMachDieuKhienSCH Member=Component Q5 C1815
Added Member To Class: ClassName=HuLaMachDieuKhienSCH Member=Component Q6 C1815
Added Member To Class: ClassName=HuLaMachDieuKhienSCH Member=Component Q7 C1815
Added Member To Class: ClassName=HuLaMachDieuKhienSCH Member=Component R1 4K7
Added Member To Class: ClassName=HuLaMachDieuKhienSCH Member=Component R2 1k
Added Member To Class: ClassName=HuLaMachDieuKhienSCH Member=Component R3 1k
Added Member To Class: ClassName=HuLaMachDieuKhienSCH Member=Component R4 1K
Added Member To Class: ClassName=HuLaMachDieuKhienSCH Member=Component R5 4K7
Added Member To Class: ClassName=HuLaMachDieuKhienSCH Member=Component R6 1K5
Added Member To Class: ClassName=HuLaMachDieuKhienSCH Member=Component R7 1k
Added Member To Class: ClassName=HuLaMachDieuKhienSCH Member=Component R8 1K
Added Member To Class: ClassName=HuLaMachDieuKhienSCH Member=Component R9 4K7
Added Member To Class: ClassName=HuLaMachDieuKhienSCH Member=Component R10 1k
Added Member To Class: ClassName=HuLaMachDieuKhienSCH Member=Component R11 1K
Added Member To Class: ClassName=HuLaMachDieuKhienSCH Member=Component R12 4K7
Added Member To Class: ClassName=HuLaMachDieuKhienSCH Member=Component R13 1k
Added Member To Class: ClassName=HuLaMachDieuKhienSCH Member=Component R14 1k
Added Member To Class: ClassName=HuLaMachDieuKhienSCH Member=Component R15 1K
Added Member To Class: ClassName=HuLaMachDieuKhienSCH Member=Component R16 4K7
Added Member To Class: ClassName=HuLaMachDieuKhienSCH Member=Component R17 4K7
Added Member To Class: ClassName=HuLaMachDieuKhienSCH Member=Component R18 1k
Added Member To Class: ClassName=HuLaMachDieuKhienSCH Member=Component R19 1K
Added Member To Class: ClassName=HuLaMachDieuKhienSCH Member=Component R20 1k
Added Member To Class: ClassName=HuLaMachDieuKhienSCH Member=Component R21 1K
Added Member To Class: ClassName=HuLaMachDieuKhienSCH Member=Component R22 4K7
Added Member To Class: ClassName=HuLaMachDieuKhienSCH Member=Component R23 4K7
Added Member To Class: ClassName=HuLaMachDieuKhienSCH Member=Component RL1 Relay 5V/10A
Added Member To Class: ClassName=HuLaMachDieuKhienSCH Member=Component RL2 Relay 5V/10A
Added Member To Class: ClassName=HuLaMachDieuKhienSCH Member=Component RL3 Relay 5V/10A
Added Member To Class: ClassName=HuLaMachDieuKhienSCH Member=Component RL4 Relay 5V/10A
Added Member To Class: ClassName=HuLaMachDieuKhienSCH Member=Component RL5 Relay 5V/10A
Added Member To Class: ClassName=HuLaMachDieuKhienSCH Member=Component RL6 Relay 5V/10A
Added Member To Class: ClassName=HuLaMachDieuKhienSCH Member=Component U1 PC817
Added Member To Class: ClassName=HuLaMachDieuKhienSCH Member=Component U2 PC817
Added Member To Class: ClassName=HuLaMachDieuKhienSCH Member=Component U3 PC817
Added Member To Class: ClassName=HuLaMachDieuKhienSCH Member=Component U4 PC817
Added Member To Class: ClassName=HuLaMachDieuKhienSCH Member=Component U5 PC817
Added Member To Class: ClassName=HuLaMachDieuKhienSCH Member=Component U6 PC817
Added Member To Class: ClassName=HuLaMachDieuKhienSCH Member=Component U7 PC817
